<?xml version="1.0" encoding="utf-8"?>
<?AutomationStudio Version=3.0?>
<Transfer xmlns="http://br-automation.co.at/AS/Transfer">
  <OperatingSystem Version="C4.83"/>
  <Hardware Target="SG4"/>
  <Operation Delete="Baseline.br"/>
  <Operation Delete="VisuCtrl.br"/>
  <Operation Delete="Settings.br"/>
  <Operation Delete="Main.br"/>
  <Operation Delete="Modbus.br"/>
  <Operation Delete="DCTest.br"/>
  <Operation Delete="Manual.br"/>
  <Operation Delete="StaticFFR.br"/>
  <Operation Delete="DynamicCon.br"/>
  <Operation Delete="IO.br"/>
  <Operation Delete="RTACTest.br"/>
  <Operation Delete="Visu.br"/>
  <Operation Delete="vcctext.br"/>
  <Operation Delete="vcmgr.br"/>
  <Operation Delete="vcdsloc.br"/>
  <Operation Delete="vcbclass.br"/>
  <Operation Delete="vcfntttf.br"/>
  <Operation Delete="vcdsint.br"/>
  <Operation Delete="vctcal.br"/>
  <Operation Delete="vcrt.br"/>
  <Operation Delete="vcpkat.br"/>
  <Operation Delete="vccbmp.br"/>
  <Operation Delete="vcfile.br"/>
  <Operation Delete="vccbtn.br"/>
  <Operation Delete="vccslider.br"/>
  <Operation Delete="vccdt.br"/>
  <Operation Delete="vcalarm.br"/>
  <Operation Delete="vccnum.br"/>
  <Operation Delete="vcchspot.br"/>
  <Operation Delete="vcpdsw.br"/>
  <Operation Delete="vccovl.br"/>
  <Operation Delete="vccalarm.br"/>
  <Operation Delete="vcpdvnc.br"/>
  <Operation Delete="vccstr.br"/>
  <Operation Delete="vcchtml.br"/>
  <Operation Delete="vcctrend.br"/>
  <Operation Delete="vccbar.br"/>
  <Operation Delete="vcpfx20.br"/>
  <Operation Delete="loopcont.br"/>
  <Operation Delete="MTLookUp.br"/>
  <Operation Delete="MTFilter.br"/>
  <Operation Delete="asieccon.br"/>
  <Operation Delete="vcshared.br"/>
  <Operation Delete="arial.br"/>
  <Operation Delete="arialbd.br"/>
  <Operation Delete="Visu03.br"/>
  <Operation Delete="Visu02.br"/>
  <Operation Delete="Visu01.br"/>
  <Operation Delete="astime.br"/>
  <Operation Delete="brsystem.br"/>
  <Operation Delete="sys_lib.br"/>
  <Operation Delete="dataobj.br"/>
  <Operation Delete="vcnet.br"/>
  <Operation Delete="vcxml.br"/>
  <Operation Delete="vccurl.br"/>
  <Operation Delete="vcgclass.br"/>
  <Operation Delete="fileio.br"/>
  <Operation Delete="ashw.br"/>
  <Operation Download="ashwd.br" Memory="SystemROM"/>
  <Operation Download="asfw.br" Memory="SystemROM"/>
  <Operation Download="arconfig.br" Memory="SystemROM"/>
  <Operation Download="sysconf.br" Memory="SystemROM"/>
  <Operation Restart="warm"/>
  <Operation Download="TCData.br" Memory="SystemROM"/>
  <Operation Download="iomap.br" Memory="UserROM"/>
  <Operation Download="User.br" Memory="UserROM"/>
  <Operation Download="Role.br" Memory="UserROM"/>
  <Operation Download="standard.br" Memory="UserROM"/>
  <Operation Download="runtime.br" Memory="UserROM"/>
  <Operation Download="MTTypes.br" Memory="UserROM"/>
  <Operation Download="AsBrMath.br" Memory="UserROM"/>
  <Operation Download="vcresman.br" Memory="UserROM"/>
  <Operation Download="ashwac.br" Memory="UserROM"/>
  <Operation Download="udbdef.br" Memory="UserROM"/>
  <Operation Download="ashw.br" Memory="UserROM"/>
  <Operation Download="fileio.br" Memory="UserROM"/>
  <Operation Download="vcgclass.br" Memory="UserROM"/>
  <Operation Download="vccurl.br" Memory="UserROM"/>
  <Operation Download="vcxml.br" Memory="UserROM"/>
  <Operation Download="vcnet.br" Memory="UserROM"/>
  <Operation Download="dataobj.br" Memory="UserROM"/>
  <Operation Download="sys_lib.br" Memory="UserROM"/>
  <Operation Download="brsystem.br" Memory="UserROM"/>
  <Operation Download="astime.br" Memory="UserROM"/>
  <Operation Download="Visu01.br" Memory="UserROM"/>
  <Operation Download="Visu02.br" Memory="UserROM"/>
  <Operation Download="Visu03.br" Memory="UserROM"/>
  <Operation Download="arialbd.br" Memory="UserROM"/>
  <Operation Download="arial.br" Memory="UserROM"/>
  <Operation Download="vcshared.br" Memory="UserROM"/>
  <Operation Download="asieccon.br" Memory="UserROM"/>
  <Operation Download="MTFilter.br" Memory="UserROM"/>
  <Operation Download="MTLookUp.br" Memory="UserROM"/>
  <Operation Download="loopcont.br" Memory="UserROM"/>
  <Operation Download="vcpfx20.br" Memory="UserROM"/>
  <Operation Download="vccbar.br" Memory="UserROM"/>
  <Operation Download="vcctrend.br" Memory="UserROM"/>
  <Operation Download="vcchtml.br" Memory="UserROM"/>
  <Operation Download="vccstr.br" Memory="UserROM"/>
  <Operation Download="vcpdvnc.br" Memory="UserROM"/>
  <Operation Download="vccalarm.br" Memory="UserROM"/>
  <Operation Download="vccovl.br" Memory="UserROM"/>
  <Operation Download="vcpdsw.br" Memory="UserROM"/>
  <Operation Download="vcchspot.br" Memory="UserROM"/>
  <Operation Download="vccnum.br" Memory="UserROM"/>
  <Operation Download="vcalarm.br" Memory="UserROM"/>
  <Operation Download="vccdt.br" Memory="UserROM"/>
  <Operation Download="vccslider.br" Memory="UserROM"/>
  <Operation Download="vccbtn.br" Memory="UserROM"/>
  <Operation Download="vcfile.br" Memory="UserROM"/>
  <Operation Download="vccbmp.br" Memory="UserROM"/>
  <Operation Download="vcpkat.br" Memory="UserROM"/>
  <Operation Download="vcrt.br" Memory="UserROM"/>
  <Operation Download="vctcal.br" Memory="UserROM"/>
  <Operation Download="vcdsint.br" Memory="UserROM"/>
  <Operation Download="vcfntttf.br" Memory="UserROM"/>
  <Operation Download="vcbclass.br" Memory="UserROM"/>
  <Operation Download="vcdsloc.br" Memory="UserROM"/>
  <Operation Download="vcmgr.br" Memory="UserROM"/>
  <Operation Download="vcctext.br" Memory="UserROM"/>
  <Operation Download="Visu.br" Memory="UserROM"/>
  <Operation Download="RTACTest.br" Memory="UserROM"/>
  <Operation Download="IO.br" Memory="UserROM"/>
  <Operation Download="DynamicCon.br" Memory="UserROM"/>
  <Operation Download="StaticFFR.br" Memory="UserROM"/>
  <Operation Download="Manual.br" Memory="UserROM"/>
  <Operation Download="DCTest.br" Memory="UserROM"/>
  <Operation Download="Modbus.br" Memory="UserROM"/>
  <Operation Download="Main.br" Memory="UserROM"/>
  <Operation Download="Settings.br" Memory="UserROM"/>
  <Operation Download="VisuCtrl.br" Memory="UserROM"/>
  <Operation Download="Baseline.br" Memory="UserROM"/>
</Transfer>