<?xml version="1.0" encoding="utf-8"?>
<?AutomationStudio Version=3.0?>
<Transfer xmlns="http://br-automation.co.at/AS/Transfer">
  <OperatingSystem Version="C4.83"/>
  <Hardware Target="SG4"/>
  <Operation Delete="Baseline.br"/>
  <Operation Delete="VisuCtrl.br"/>
  <Operation Delete="Settings.br"/>
  <Operation Delete="Main.br"/>
  <Operation Delete="DCTest.br"/>
  <Operation Delete="Manual.br"/>
  <Operation Delete="StaticFFR.br"/>
  <Operation Delete="DynamicCon.br"/>
  <Operation Delete="IO.br"/>
  <Operation Delete="RTACTest.br"/>
  <Operation Delete="Modbus.br"/>
  <Operation Delete="mvLoader.br"/>
  <Operation Delete="LoopCont.br"/>
  <Operation Delete="MTLookUp.br"/>
  <Operation Delete="MTFilter.br"/>
  <Operation Delete="asieccon.br"/>
  <Operation Delete="astime.br"/>
  <Operation Delete="fileio.br"/>
  <Operation Delete="arssl.br"/>
  <Operation Delete="brsystem.br"/>
  <Operation Delete="sys_lib.br"/>
  <Operation Download="asfw.br" Memory="SystemROM"/>
  <Operation Download="ashwd.br" Memory="SystemROM"/>
  <Operation Download="arconfig.br" Memory="SystemROM"/>
  <Operation Download="sysconf.br" Memory="SystemROM"/>
  <Operation Restart="warm"/>
  <Operation Download="TCData.br" Memory="SystemROM"/>
  <Operation Download="Role.br" Memory="UserROM"/>
  <Operation Download="User.br" Memory="UserROM"/>
  <Operation Download="iomap.br" Memory="UserROM"/>
  <Operation Download="standard.br" Memory="UserROM"/>
  <Operation Download="runtime.br" Memory="UserROM"/>
  <Operation Download="MTTypes.br" Memory="UserROM"/>
  <Operation Download="AsBrMath.br" Memory="UserROM"/>
  <Operation Download="ashwac.br" Memory="UserROM"/>
  <Operation Download="udbdef.br" Memory="UserROM"/>
  <Operation Download="sys_lib.br" Memory="UserROM"/>
  <Operation Download="brsystem.br" Memory="UserROM"/>
  <Operation Download="arssl.br" Memory="UserROM"/>
  <Operation Download="fileio.br" Memory="UserROM"/>
  <Operation Download="astime.br" Memory="UserROM"/>
  <Operation Download="asieccon.br" Memory="UserROM"/>
  <Operation Download="MTFilter.br" Memory="UserROM"/>
  <Operation Download="MTLookUp.br" Memory="UserROM"/>
  <Operation Download="LoopCont.br" Memory="UserROM"/>
  <Operation Download="mvLoader.br" Memory="UserROM"/>
  <Operation Download="Modbus.br" Memory="UserROM"/>
  <Operation Download="RTACTest.br" Memory="UserROM"/>
  <Operation Download="IO.br" Memory="UserROM"/>
  <Operation Download="DynamicCon.br" Memory="UserROM"/>
  <Operation Download="StaticFFR.br" Memory="UserROM"/>
  <Operation Download="Manual.br" Memory="UserROM"/>
  <Operation Download="DCTest.br" Memory="UserROM"/>
  <Operation Download="Main.br" Memory="UserROM"/>
  <Operation Download="Settings.br" Memory="UserROM"/>
  <Operation Download="VisuCtrl.br" Memory="UserROM"/>
  <Operation Download="Baseline.br" Memory="UserROM"/>
</Transfer>